Determining if the pthread_create exist failed with the following output:
Change Dir: /home/alex/RaspberryPiProject/roscar/build/CMakeFiles/CMakeTmp

Run Build Command:/usr/bin/make "cmTryCompileExec2328194756/fast"
/usr/bin/make -f CMakeFiles/cmTryCompileExec2328194756.dir/build.make CMakeFiles/cmTryCompileExec2328194756.dir/build
make[1]: Entering directory `/home/alex/RaspberryPiProject/roscar/build/CMakeFiles/CMakeTmp'
/usr/bin/cmake -E cmake_progress_report /home/alex/RaspberryPiProject/roscar/build/CMakeFiles/CMakeTmp/CMakeFiles 1
Building C object CMakeFiles/cmTryCompileExec2328194756.dir/CheckSymbolExists.c.o
/usr/bin/cc    -o CMakeFiles/cmTryCompileExec2328194756.dir/CheckSymbolExists.c.o   -c /home/alex/RaspberryPiProject/roscar/build/CMakeFiles/CMakeTmp/CheckSymbolExists.c
Linking C executable cmTryCompileExec2328194756
/usr/bin/cmake -E cmake_link_script CMakeFiles/cmTryCompileExec2328194756.dir/link.txt --verbose=1
/usr/bin/cc       CMakeFiles/cmTryCompileExec2328194756.dir/CheckSymbolExists.c.o  -o cmTryCompileExec2328194756 -rdynamic 
CMakeFiles/cmTryCompileExec2328194756.dir/CheckSymbolExists.c.o: In function `main':
CheckSymbolExists.c:(.text+0x16): undefined reference to `pthread_create'
collect2: error: ld returned 1 exit status
make[1]: *** [cmTryCompileExec2328194756] Error 1
make[1]: Leaving directory `/home/alex/RaspberryPiProject/roscar/build/CMakeFiles/CMakeTmp'
make: *** [cmTryCompileExec2328194756/fast] Error 2

File /home/alex/RaspberryPiProject/roscar/build/CMakeFiles/CMakeTmp/CheckSymbolExists.c:
/* */
#include <pthread.h>

int main(int argc, char** argv)
{
  (void)argv;
#ifndef pthread_create
  return ((int*)(&pthread_create))[argc];
#else
  (void)argc;
  return 0;
#endif
}

Determining if the function pthread_create exists in the pthreads failed with the following output:
Change Dir: /home/alex/RaspberryPiProject/roscar/build/CMakeFiles/CMakeTmp

Run Build Command:/usr/bin/make "cmTryCompileExec2169122231/fast"
/usr/bin/make -f CMakeFiles/cmTryCompileExec2169122231.dir/build.make CMakeFiles/cmTryCompileExec2169122231.dir/build
make[1]: Entering directory `/home/alex/RaspberryPiProject/roscar/build/CMakeFiles/CMakeTmp'
/usr/bin/cmake -E cmake_progress_report /home/alex/RaspberryPiProject/roscar/build/CMakeFiles/CMakeTmp/CMakeFiles 1
Building C object CMakeFiles/cmTryCompileExec2169122231.dir/CheckFunctionExists.c.o
/usr/bin/cc   -DCHECK_FUNCTION_EXISTS=pthread_create   -o CMakeFiles/cmTryCompileExec2169122231.dir/CheckFunctionExists.c.o   -c /usr/share/cmake-2.8/Modules/CheckFunctionExists.c
Linking C executable cmTryCompileExec2169122231
/usr/bin/cmake -E cmake_link_script CMakeFiles/cmTryCompileExec2169122231.dir/link.txt --verbose=1
/usr/bin/cc   -DCHECK_FUNCTION_EXISTS=pthread_create    CMakeFiles/cmTryCompileExec2169122231.dir/CheckFunctionExists.c.o  -o cmTryCompileExec2169122231 -rdynamic -lpthreads 
/usr/bin/ld: cannot find -lpthreads
collect2: error: ld returned 1 exit status
make[1]: *** [cmTryCompileExec2169122231] Error 1
make[1]: Leaving directory `/home/alex/RaspberryPiProject/roscar/build/CMakeFiles/CMakeTmp'
make: *** [cmTryCompileExec2169122231/fast] Error 2


